<?xml version="1.0" encoding="UTF-8"?>
<!-- Generated by org.testng.reporters.JUnitReportReporter -->
<testsuite hostname="Udit" failures="0" tests="1" name="adminpanel.suggestions" time="10.646" errors="0" timestamp="2023-05-23T18:09:26 IST" skipped="0">
  <testcase classname="adminpanel.suggestions" name="add_business_outcome" time="10.646"/>
  <system-out/>
</testsuite> <!-- adminpanel.suggestions -->
