<?xml version="1.0" encoding="UTF-8"?>
<!-- Generated by org.testng.reporters.JUnitReportReporter -->
<testsuite hostname="Udit" failures="0" tests="4" name="adminpanel.insights" time="77.920" errors="0" timestamp="2023-10-31T16:22:17 IST" skipped="0">
  <testcase classname="adminpanel.insights" name="add_insights" time="11.593"/>
  <system-out/>
  <testcase classname="adminpanel.insights" name="search_insights" time="21.321"/>
  <system-out/>
  <testcase classname="adminpanel.insights" name="update_insights" time="24.098"/>
  <system-out/>
  <testcase classname="adminpanel.insights" name="delete_insights" time="20.908"/>
  <system-out/>
</testsuite> <!-- adminpanel.insights -->
