<?xml version="1.0" encoding="UTF-8"?>
<!-- Generated by org.testng.reporters.JUnitReportReporter -->
<testsuite hostname="Udit" failures="0" tests="1" name="dashboard.dashboard" time="13.820" errors="0" timestamp="2023-11-22T19:59:07 IST" skipped="0">
  <testcase classname="dashboard.dashboard" name="add_agendas" time="13.820"/>
  <system-out/>
</testsuite> <!-- dashboard.dashboard -->
