<?xml version="1.0" encoding="UTF-8"?>
<!-- Generated by org.testng.reporters.JUnitReportReporter -->
<testsuite hostname="Udit" failures="0" tests="2" name="Training.Reflex" time="28.131" errors="0" timestamp="2023-10-31T15:47:29 IST" skipped="0">
  <testcase classname="Training.Reflex" name="Reflex_Training" time="15.135"/>
  <system-out/>
  <testcase classname="Training.Reflex" name="Reflex_searchsuggestion" time="12.996"/>
  <system-out/>
</testsuite> <!-- Training.Reflex -->
