<?xml version="1.0" encoding="UTF-8"?>
<!-- Generated by org.testng.reporters.JUnitReportReporter -->
<testsuite hostname="Udit" failures="0" tests="1" name="conversations.converstion" time="14.621" errors="0" timestamp="2023-08-04T18:49:19 IST" skipped="0">
  <testcase classname="conversations.converstion" name="date_search" time="14.621"/>
  <system-out/>
</testsuite> <!-- conversations.converstion -->
