<?xml version="1.0" encoding="UTF-8"?>
<!-- Generated by org.testng.reporters.JUnitReportReporter -->
<testsuite hostname="Udit" failures="0" tests="2" name="Expeditecommerce.Rethem.login" time="193.532" errors="0" timestamp="2023-12-13T13:47:55 IST" skipped="0">
  <testcase classname="Expeditecommerce.Rethem.login" name="invalidloginrethem" time="96.457"/>
  <system-out/>
  <testcase classname="Expeditecommerce.Rethem.login" name="loginrethem" time="97.075"/>
  <system-out/>
</testsuite> <!-- Expeditecommerce.Rethem.login -->
