<?xml version="1.0" encoding="UTF-8"?>
<!-- Generated by org.testng.reporters.JUnitReportReporter -->
<testsuite hostname="Udit" failures="0" tests="1" name="adminpanel.Agenda" time="13.098" errors="0" timestamp="2023-07-28T13:53:58 IST" skipped="0">
  <testcase classname="adminpanel.Agenda" name="add_agendas" time="13.098"/>
  <system-out/>
</testsuite> <!-- adminpanel.Agenda -->
